app/app/build/intermediates/manifest_merge_blame_file/release/manifest-merger-blame-release-report.txt
1<?xml version="1.0" encoding="utf-8"?>
2<manifest xmlns:android="http://schemas.android.com/apk/res/android"
3    package="org.pytorch.demo.objectdetection"
4    android:versionCode="1"
5    android:versionName="1.0" >
6
7    <uses-sdk
8        android:minSdkVersion="28"
8-->src\main\AndroidManifest.xml
9        android:targetSdkVersion="34" />
9-->src\main\AndroidManifest.xml
10
11    <uses-permission android:name="android.permission.RECORD_AUDIO" />
11-->src\main\AndroidManifest.xml:5:5-71
11-->src\main\AndroidManifest.xml:5:22-68
12    <uses-permission android:name="android.permission.WRITE_EXTERNAL_STORAGE" />
12-->src\main\AndroidManifest.xml:6:5-81
12-->src\main\AndroidManifest.xml:6:22-78
13    <uses-permission android:name="android.permission.READ_EXTERNAL_STORAGE" />
13-->src\main\AndroidManifest.xml:7:5-80
13-->src\main\AndroidManifest.xml:7:22-77
14    <uses-permission android:name="android.permission.CAMERA" />
14-->src\main\AndroidManifest.xml:8:5-65
14-->src\main\AndroidManifest.xml:8:22-62
15    <uses-permission android:name="android.permission.INTERNET" />
15-->src\main\AndroidManifest.xml:9:5-67
15-->src\main\AndroidManifest.xml:9:22-64
16    <uses-permission android:name="android.permission.ACCESS_NETWORK_STATE" />
16-->[com.google.firebase:firebase-auth:20.0.0] AndroidManifest.xml:24:5-79
16-->[com.google.firebase:firebase-auth:20.0.0] AndroidManifest.xml:24:22-76
17
18    <permission
18-->[androidx.core:core:1.9.0] AndroidManifest.xml:22:5-24:47
19        android:name="org.pytorch.demo.objectdetection.DYNAMIC_RECEIVER_NOT_EXPORTED_PERMISSION"
19-->[androidx.core:core:1.9.0] AndroidManifest.xml:23:9-81
20        android:protectionLevel="signature" />
20-->[androidx.core:core:1.9.0] AndroidManifest.xml:24:9-44
21
22    <uses-permission android:name="org.pytorch.demo.objectdetection.DYNAMIC_RECEIVER_NOT_EXPORTED_PERMISSION" />
22-->[androidx.core:core:1.9.0] AndroidManifest.xml:26:5-97
22-->[androidx.core:core:1.9.0] AndroidManifest.xml:26:22-94
23
24    <application
24-->src\main\AndroidManifest.xml:11:5-76:19
25        android:allowBackup="true"
25-->src\main\AndroidManifest.xml:12:9-35
26        android:appComponentFactory="androidx.core.app.CoreComponentFactory"
26-->[androidx.core:core:1.9.0] AndroidManifest.xml:28:18-86
27        android:extractNativeLibs="false"
28        android:icon="@mipmap/ic_launcher"
28-->src\main\AndroidManifest.xml:13:9-43
29        android:label="Signs"
29-->src\main\AndroidManifest.xml:14:9-30
30        android:roundIcon="@mipmap/ic_launcher_round"
30-->src\main\AndroidManifest.xml:15:9-54
31        android:supportsRtl="true"
31-->src\main\AndroidManifest.xml:16:9-35
32        android:theme="@style/AppTheme" >
32-->src\main\AndroidManifest.xml:17:9-40
33        <activity
33-->src\main\AndroidManifest.xml:18:9-24:20
34            android:name="org.pytorch.demo.objectdetection.PasswardRecoveryActivity"
34-->src\main\AndroidManifest.xml:19:13-53
35            android:exported="false" >
35-->src\main\AndroidManifest.xml:20:13-37
36            <meta-data
36-->src\main\AndroidManifest.xml:21:13-23:36
37                android:name="android.app.lib_name"
37-->src\main\AndroidManifest.xml:22:17-52
38                android:value="" />
38-->src\main\AndroidManifest.xml:23:17-33
39        </activity>
40        <activity
40-->src\main\AndroidManifest.xml:25:9-31:20
41            android:name="org.pytorch.demo.objectdetection.RegisterActivity"
41-->src\main\AndroidManifest.xml:26:13-45
42            android:exported="false" >
42-->src\main\AndroidManifest.xml:27:13-37
43            <meta-data
43-->src\main\AndroidManifest.xml:21:13-23:36
44                android:name="android.app.lib_name"
44-->src\main\AndroidManifest.xml:22:17-52
45                android:value="" />
45-->src\main\AndroidManifest.xml:23:17-33
46        </activity>
47        <activity
47-->src\main\AndroidManifest.xml:32:9-38:20
48            android:name="org.pytorch.demo.objectdetection.LoginAcivity"
48-->src\main\AndroidManifest.xml:33:13-41
49            android:exported="false" >
49-->src\main\AndroidManifest.xml:34:13-37
50            <meta-data
50-->src\main\AndroidManifest.xml:21:13-23:36
51                android:name="android.app.lib_name"
51-->src\main\AndroidManifest.xml:22:17-52
52                android:value="" />
52-->src\main\AndroidManifest.xml:23:17-33
53        </activity>
54        <activity
54-->src\main\AndroidManifest.xml:39:9-51:20
55            android:name="org.pytorch.demo.objectdetection.FirstActivity_1"
55-->src\main\AndroidManifest.xml:40:13-44
56            android:exported="true" >
56-->src\main\AndroidManifest.xml:41:13-36
57            <meta-data
57-->src\main\AndroidManifest.xml:21:13-23:36
58                android:name="android.app.lib_name"
58-->src\main\AndroidManifest.xml:22:17-52
59                android:value="" />
59-->src\main\AndroidManifest.xml:23:17-33
60
61            <intent-filter>
61-->src\main\AndroidManifest.xml:46:13-50:29
62                <action android:name="android.intent.action.MAIN" />
62-->src\main\AndroidManifest.xml:47:17-69
62-->src\main\AndroidManifest.xml:47:25-66
63
64                <category android:name="android.intent.category.LAUNCHER" />
64-->src\main\AndroidManifest.xml:49:17-77
64-->src\main\AndroidManifest.xml:49:27-74
65            </intent-filter>
66        </activity>
67        <activity
67-->src\main\AndroidManifest.xml:52:9-58:20
68            android:name="org.pytorch.demo.objectdetection.FirstActivity"
68-->src\main\AndroidManifest.xml:53:13-42
69            android:exported="true" >
69-->src\main\AndroidManifest.xml:54:13-36
70            <meta-data
70-->src\main\AndroidManifest.xml:21:13-23:36
71                android:name="android.app.lib_name"
71-->src\main\AndroidManifest.xml:22:17-52
72                android:value="" />
72-->src\main\AndroidManifest.xml:23:17-33
73        </activity>
74        <activity
74-->src\main\AndroidManifest.xml:59:9-65:20
75            android:name="org.pytorch.demo.objectdetection.MainActivity2"
75-->src\main\AndroidManifest.xml:60:13-42
76            android:exported="true" >
76-->src\main\AndroidManifest.xml:61:13-36
77            <meta-data
77-->src\main\AndroidManifest.xml:21:13-23:36
78                android:name="android.app.lib_name"
78-->src\main\AndroidManifest.xml:22:17-52
79                android:value="" />
79-->src\main\AndroidManifest.xml:23:17-33
80        </activity>
81        <activity
81-->src\main\AndroidManifest.xml:66:9-70:52
82            android:name="org.pytorch.demo.objectdetection.MainActivity"
82-->src\main\AndroidManifest.xml:67:13-41
83            android:configChanges="orientation"
83-->src\main\AndroidManifest.xml:68:13-48
84            android:exported="true"
84-->src\main\AndroidManifest.xml:69:13-36
85            android:screenOrientation="portrait" />
85-->src\main\AndroidManifest.xml:70:13-49
86        <activity
86-->src\main\AndroidManifest.xml:71:9-75:52
87            android:name="org.pytorch.demo.objectdetection.ObjectDetectionActivity"
87-->src\main\AndroidManifest.xml:72:13-52
88            android:configChanges="orientation"
88-->src\main\AndroidManifest.xml:73:13-48
89            android:exported="true"
89-->src\main\AndroidManifest.xml:74:13-36
90            android:screenOrientation="portrait" />
90-->src\main\AndroidManifest.xml:75:13-49
91        <activity
91-->[com.google.firebase:firebase-auth:20.0.0] AndroidManifest.xml:27:9-34:50
92            android:name="com.google.firebase.auth.internal.FederatedSignInActivity"
92-->[com.google.firebase:firebase-auth:20.0.0] AndroidManifest.xml:28:13-85
93            android:excludeFromRecents="true"
93-->[com.google.firebase:firebase-auth:20.0.0] AndroidManifest.xml:29:13-46
94            android:exported="true"
94-->[com.google.firebase:firebase-auth:20.0.0] AndroidManifest.xml:30:13-36
95            android:launchMode="singleTask"
95-->[com.google.firebase:firebase-auth:20.0.0] AndroidManifest.xml:31:13-44
96            android:permission="com.google.firebase.auth.api.gms.permission.LAUNCH_FEDERATED_SIGN_IN"
96-->[com.google.firebase:firebase-auth:20.0.0] AndroidManifest.xml:32:13-102
97            android:theme="@android:style/Theme.Translucent.NoTitleBar" />
97-->[com.google.firebase:firebase-auth:20.0.0] AndroidManifest.xml:33:13-72
98        <activity
98-->[com.google.firebase:firebase-auth:20.0.0] AndroidManifest.xml:35:9-52:20
99            android:name="com.google.firebase.auth.internal.GenericIdpActivity"
99-->[com.google.firebase:firebase-auth:20.0.0] AndroidManifest.xml:36:13-80
100            android:excludeFromRecents="true"
100-->[com.google.firebase:firebase-auth:20.0.0] AndroidManifest.xml:37:13-46
101            android:exported="true"
101-->[com.google.firebase:firebase-auth:20.0.0] AndroidManifest.xml:38:13-36
102            android:launchMode="singleTask"
102-->[com.google.firebase:firebase-auth:20.0.0] AndroidManifest.xml:39:13-44
103            android:theme="@android:style/Theme.Translucent.NoTitleBar" >
103-->[com.google.firebase:firebase-auth:20.0.0] AndroidManifest.xml:40:13-72
104            <intent-filter>
104-->[com.google.firebase:firebase-auth:20.0.0] AndroidManifest.xml:41:13-51:29
105                <action android:name="android.intent.action.VIEW" />
105-->[com.google.firebase:firebase-auth:20.0.0] AndroidManifest.xml:42:17-69
105-->[com.google.firebase:firebase-auth:20.0.0] AndroidManifest.xml:42:25-66
106
107                <category android:name="android.intent.category.DEFAULT" />
107-->[com.google.firebase:firebase-auth:20.0.0] AndroidManifest.xml:44:17-76
107-->[com.google.firebase:firebase-auth:20.0.0] AndroidManifest.xml:44:27-73
108                <category android:name="android.intent.category.BROWSABLE" />
108-->[com.google.firebase:firebase-auth:20.0.0] AndroidManifest.xml:45:17-78
108-->[com.google.firebase:firebase-auth:20.0.0] AndroidManifest.xml:45:27-75
109
110                <data
110-->[com.google.firebase:firebase-auth:20.0.0] AndroidManifest.xml:47:17-50:51
111                    android:host="firebase.auth"
111-->[com.google.firebase:firebase-auth:20.0.0] AndroidManifest.xml:48:21-49
112                    android:path="/"
112-->[com.google.firebase:firebase-auth:20.0.0] AndroidManifest.xml:49:21-37
113                    android:scheme="genericidp" />
113-->[com.google.firebase:firebase-auth:20.0.0] AndroidManifest.xml:50:21-48
114            </intent-filter>
115        </activity>
116        <activity
116-->[com.google.firebase:firebase-auth:20.0.0] AndroidManifest.xml:53:9-70:20
117            android:name="com.google.firebase.auth.internal.RecaptchaActivity"
117-->[com.google.firebase:firebase-auth:20.0.0] AndroidManifest.xml:54:13-79
118            android:excludeFromRecents="true"
118-->[com.google.firebase:firebase-auth:20.0.0] AndroidManifest.xml:55:13-46
119            android:exported="true"
119-->[com.google.firebase:firebase-auth:20.0.0] AndroidManifest.xml:56:13-36
120            android:launchMode="singleTask"
120-->[com.google.firebase:firebase-auth:20.0.0] AndroidManifest.xml:57:13-44
121            android:theme="@android:style/Theme.Translucent.NoTitleBar" >
121-->[com.google.firebase:firebase-auth:20.0.0] AndroidManifest.xml:58:13-72
122            <intent-filter>
122-->[com.google.firebase:firebase-auth:20.0.0] AndroidManifest.xml:59:13-69:29
123                <action android:name="android.intent.action.VIEW" />
123-->[com.google.firebase:firebase-auth:20.0.0] AndroidManifest.xml:42:17-69
123-->[com.google.firebase:firebase-auth:20.0.0] AndroidManifest.xml:42:25-66
124
125                <category android:name="android.intent.category.DEFAULT" />
125-->[com.google.firebase:firebase-auth:20.0.0] AndroidManifest.xml:44:17-76
125-->[com.google.firebase:firebase-auth:20.0.0] AndroidManifest.xml:44:27-73
126                <category android:name="android.intent.category.BROWSABLE" />
126-->[com.google.firebase:firebase-auth:20.0.0] AndroidManifest.xml:45:17-78
126-->[com.google.firebase:firebase-auth:20.0.0] AndroidManifest.xml:45:27-75
127
128                <data
128-->[com.google.firebase:firebase-auth:20.0.0] AndroidManifest.xml:47:17-50:51
129                    android:host="firebase.auth"
129-->[com.google.firebase:firebase-auth:20.0.0] AndroidManifest.xml:48:21-49
130                    android:path="/"
130-->[com.google.firebase:firebase-auth:20.0.0] AndroidManifest.xml:49:21-37
131                    android:scheme="recaptcha" />
131-->[com.google.firebase:firebase-auth:20.0.0] AndroidManifest.xml:50:21-48
132            </intent-filter>
133        </activity>
134
135        <service
135-->[com.google.firebase:firebase-auth:20.0.0] AndroidManifest.xml:72:9-81:19
136            android:name="com.google.firebase.auth.api.fallback.service.FirebaseAuthFallbackService"
136-->[com.google.firebase:firebase-auth:20.0.0] AndroidManifest.xml:73:13-101
137            android:enabled="true"
137-->[com.google.firebase:firebase-auth:20.0.0] AndroidManifest.xml:74:13-35
138            android:exported="false" >
138-->[com.google.firebase:firebase-auth:20.0.0] AndroidManifest.xml:75:13-37
139            <intent-filter>
139-->[com.google.firebase:firebase-auth:20.0.0] AndroidManifest.xml:76:13-80:29
140                <action android:name="com.google.firebase.auth.api.gms.service.START" />
140-->[com.google.firebase:firebase-auth:20.0.0] AndroidManifest.xml:77:17-89
140-->[com.google.firebase:firebase-auth:20.0.0] AndroidManifest.xml:77:25-86
141
142                <category android:name="android.intent.category.DEFAULT" />
142-->[com.google.firebase:firebase-auth:20.0.0] AndroidManifest.xml:44:17-76
142-->[com.google.firebase:firebase-auth:20.0.0] AndroidManifest.xml:44:27-73
143            </intent-filter>
144        </service>
145        <service
145-->[com.google.firebase:firebase-auth:20.0.0] AndroidManifest.xml:82:9-88:19
146            android:name="com.google.firebase.components.ComponentDiscoveryService"
146-->[com.google.firebase:firebase-auth:20.0.0] AndroidManifest.xml:83:13-84
147            android:directBootAware="true"
147-->[com.google.firebase:firebase-common:20.0.0] AndroidManifest.xml:35:13-43
148            android:exported="false" >
148-->[com.google.firebase:firebase-auth:20.0.0] AndroidManifest.xml:84:13-37
149            <meta-data
149-->[com.google.firebase:firebase-auth:20.0.0] AndroidManifest.xml:85:13-87:85
150                android:name="com.google.firebase.components:com.google.firebase.auth.FirebaseAuthRegistrar"
150-->[com.google.firebase:firebase-auth:20.0.0] AndroidManifest.xml:86:17-109
151                android:value="com.google.firebase.components.ComponentRegistrar" />
151-->[com.google.firebase:firebase-auth:20.0.0] AndroidManifest.xml:87:17-82
152            <meta-data
152-->[com.google.firebase:firebase-database:20.0.0] AndroidManifest.xml:32:13-34:85
153                android:name="com.google.firebase.components:com.google.firebase.database.DatabaseRegistrar"
153-->[com.google.firebase:firebase-database:20.0.0] AndroidManifest.xml:33:17-109
154                android:value="com.google.firebase.components.ComponentRegistrar" />
154-->[com.google.firebase:firebase-database:20.0.0] AndroidManifest.xml:34:17-82
155            <meta-data
155-->[com.google.firebase:firebase-firestore:20.0.0] AndroidManifest.xml:20:13-22:85
156                android:name="com.google.firebase.components:com.google.firebase.firestore.FirestoreRegistrar"
156-->[com.google.firebase:firebase-firestore:20.0.0] AndroidManifest.xml:21:17-111
157                android:value="com.google.firebase.components.ComponentRegistrar" />
157-->[com.google.firebase:firebase-firestore:20.0.0] AndroidManifest.xml:22:17-82
158        </service>
159
160        <activity
160-->[com.google.android.gms:play-services-auth:20.0.0] AndroidManifest.xml:23:9-27:75
161            android:name="com.google.android.gms.auth.api.signin.internal.SignInHubActivity"
161-->[com.google.android.gms:play-services-auth:20.0.0] AndroidManifest.xml:24:13-93
162            android:excludeFromRecents="true"
162-->[com.google.android.gms:play-services-auth:20.0.0] AndroidManifest.xml:25:13-46
163            android:exported="false"
163-->[com.google.android.gms:play-services-auth:20.0.0] AndroidManifest.xml:26:13-37
164            android:theme="@android:style/Theme.Translucent.NoTitleBar" />
164-->[com.google.android.gms:play-services-auth:20.0.0] AndroidManifest.xml:27:13-72
165        <!--
166            Service handling Google Sign-In user revocation. For apps that do not integrate with
167            Google Sign-In, this service will never be started.
168        -->
169        <service
169-->[com.google.android.gms:play-services-auth:20.0.0] AndroidManifest.xml:33:9-37:51
170            android:name="com.google.android.gms.auth.api.signin.RevocationBoundService"
170-->[com.google.android.gms:play-services-auth:20.0.0] AndroidManifest.xml:34:13-89
171            android:exported="true"
171-->[com.google.android.gms:play-services-auth:20.0.0] AndroidManifest.xml:35:13-36
172            android:permission="com.google.android.gms.auth.api.signin.permission.REVOCATION_NOTIFICATION"
172-->[com.google.android.gms:play-services-auth:20.0.0] AndroidManifest.xml:36:13-107
173            android:visibleToInstantApps="true" />
173-->[com.google.android.gms:play-services-auth:20.0.0] AndroidManifest.xml:37:13-48
174
175        <provider
175-->[androidx.camera:camera-camera2:1.0.0-alpha05] AndroidManifest.xml:25:9-30:43
176            android:name="androidx.camera.camera2.impl.Camera2Initializer"
176-->[androidx.camera:camera-camera2:1.0.0-alpha05] AndroidManifest.xml:26:13-75
177            android:authorities="org.pytorch.demo.objectdetection.camerax-init"
177-->[androidx.camera:camera-camera2:1.0.0-alpha05] AndroidManifest.xml:27:13-64
178            android:exported="false"
178-->[androidx.camera:camera-camera2:1.0.0-alpha05] AndroidManifest.xml:28:13-37
179            android:initOrder="100"
179-->[androidx.camera:camera-camera2:1.0.0-alpha05] AndroidManifest.xml:29:13-36
180            android:multiprocess="true" />
180-->[androidx.camera:camera-camera2:1.0.0-alpha05] AndroidManifest.xml:30:13-40
181
182        <activity
182-->[com.google.android.gms:play-services-base:18.0.0] AndroidManifest.xml:20:9-22:45
183            android:name="com.google.android.gms.common.api.GoogleApiActivity"
183-->[com.google.android.gms:play-services-base:18.0.0] AndroidManifest.xml:20:19-85
184            android:exported="false"
184-->[com.google.android.gms:play-services-base:18.0.0] AndroidManifest.xml:22:19-43
185            android:theme="@android:style/Theme.Translucent.NoTitleBar" />
185-->[com.google.android.gms:play-services-base:18.0.0] AndroidManifest.xml:21:19-78
186
187        <provider
187-->[com.google.firebase:firebase-common:20.0.0] AndroidManifest.xml:26:9-31:39
188            android:name="com.google.firebase.provider.FirebaseInitProvider"
188-->[com.google.firebase:firebase-common:20.0.0] AndroidManifest.xml:27:13-77
189            android:authorities="org.pytorch.demo.objectdetection.firebaseinitprovider"
189-->[com.google.firebase:firebase-common:20.0.0] AndroidManifest.xml:28:13-72
190            android:directBootAware="true"
190-->[com.google.firebase:firebase-common:20.0.0] AndroidManifest.xml:29:13-43
191            android:exported="false"
191-->[com.google.firebase:firebase-common:20.0.0] AndroidManifest.xml:30:13-37
192            android:initOrder="100" />
192-->[com.google.firebase:firebase-common:20.0.0] AndroidManifest.xml:31:13-36
193
194        <meta-data
194-->[com.google.android.gms:play-services-basement:18.0.0] AndroidManifest.xml:21:9-23:69
195            android:name="com.google.android.gms.version"
195-->[com.google.android.gms:play-services-basement:18.0.0] AndroidManifest.xml:22:13-58
196            android:value="@integer/google_play_services_version" />
196-->[com.google.android.gms:play-services-basement:18.0.0] AndroidManifest.xml:23:13-66
197
198        <provider
198-->[androidx.emoji2:emoji2:1.2.0] AndroidManifest.xml:24:9-32:20
199            android:name="androidx.startup.InitializationProvider"
199-->[androidx.emoji2:emoji2:1.2.0] AndroidManifest.xml:25:13-67
200            android:authorities="org.pytorch.demo.objectdetection.androidx-startup"
200-->[androidx.emoji2:emoji2:1.2.0] AndroidManifest.xml:26:13-68
201            android:exported="false" >
201-->[androidx.emoji2:emoji2:1.2.0] AndroidManifest.xml:27:13-37
202            <meta-data
202-->[androidx.emoji2:emoji2:1.2.0] AndroidManifest.xml:29:13-31:52
203                android:name="androidx.emoji2.text.EmojiCompatInitializer"
203-->[androidx.emoji2:emoji2:1.2.0] AndroidManifest.xml:30:17-75
204                android:value="androidx.startup" />
204-->[androidx.emoji2:emoji2:1.2.0] AndroidManifest.xml:31:17-49
205            <meta-data
205-->[androidx.lifecycle:lifecycle-process:2.4.1] AndroidManifest.xml:31:13-33:52
206                android:name="androidx.lifecycle.ProcessLifecycleInitializer"
206-->[androidx.lifecycle:lifecycle-process:2.4.1] AndroidManifest.xml:32:17-78
207                android:value="androidx.startup" />
207-->[androidx.lifecycle:lifecycle-process:2.4.1] AndroidManifest.xml:33:17-49
208        </provider>
209    </application>
210
211</manifest>